# JRE version: Java(TM) SE Runtime Environment (8.0_172-b11) (build 1.8.0_172-b11)
# Java VM: Java HotSpot(TM) 64-Bit Server VM (25.172-b11 mixed mode windows-amd64 compressed oops)
Heap:
 PSYoungGen      total 179712K, used 18205K [0x00000000d6200000, 0x00000000e3e00000, 0x0000000100000000)
  eden space 169472K, 10% used [0x00000000d6200000,0x00000000d73c7708,0x00000000e0780000)
  from space 10240K, 0% used [0x00000000e1200000,0x00000000e1200000,0x00000000e1c00000)
  to   space 10752K, 0% used [0x00000000e0780000,0x00000000e0780000,0x00000000e1200000)
 ParOldGen       total 86016K, used 13907K [0x0000000082600000, 0x0000000087a00000, 0x00000000d6200000)
  object space 86016K, 16% used [0x0000000082600000,0x0000000083394ef8,0x0000000087a00000)
 Metaspace       used 35816K, capacity 36914K, committed 37208K, reserved 1081344K
  class space    used 4511K, capacity 4751K, committed 4864K, reserved 1048576K
GC Heap History (10 events):
Event: 1.626 GC heap before
{Heap before GC invocations=6 (full 1):
 PSYoungGen      total 70656K, used 5102K [0x00000000d6200000, 0x00000000df200000, 0x0000000100000000)
  eden space 65536K, 0% used [0x00000000d6200000,0x00000000d6200000,0x00000000da200000)
  from space 5120K, 99% used [0x00000000da200000,0x00000000da6fba68,0x00000000da700000)
  to   space 8192K, 0% used [0x00000000dea00000,0x00000000dea00000,0x00000000df200000)
 ParOldGen       total 86016K, used 4417K [0x0000000082600000, 0x0000000087a00000, 0x00000000d6200000)
  object space 86016K, 5% used [0x0000000082600000,0x0000000082a50790,0x0000000087a00000)
 Metaspace       used 20601K, capacity 21154K, committed 21248K, reserved 1067008K
  class space    used 2655K, capacity 2805K, committed 2816K, reserved 1048576K
Event: 1.649 GC heap after
Heap after GC invocations=6 (full 1):
 PSYoungGen      total 70656K, used 0K [0x00000000d6200000, 0x00000000df200000, 0x0000000100000000)
  eden space 65536K, 0% used [0x00000000d6200000,0x00000000d6200000,0x00000000da200000)
  from space 5120K, 0% used [0x00000000da200000,0x00000000da200000,0x00000000da700000)
  to   space 8192K, 0% used [0x00000000dea00000,0x00000000dea00000,0x00000000df200000)
 ParOldGen       total 55808K, used 7699K [0x0000000082600000, 0x0000000085c80000, 0x00000000d6200000)
  object space 55808K, 13% used [0x0000000082600000,0x0000000082d84f08,0x0000000085c80000)
 Metaspace       used 20601K, capacity 21154K, committed 21248K, reserved 1067008K
  class space    used 2655K, capacity 2805K, committed 2816K, reserved 1048576K
}
Event: 1.947 GC heap before
{Heap before GC invocations=7 (full 1):
 PSYoungGen      total 70656K, used 65536K [0x00000000d6200000, 0x00000000df200000, 0x0000000100000000)
  eden space 65536K, 100% used [0x00000000d6200000,0x00000000da200000,0x00000000da200000)
  from space 5120K, 0% used [0x00000000da200000,0x00000000da200000,0x00000000da700000)
  to   space 8192K, 0% used [0x00000000dea00000,0x00000000dea00000,0x00000000df200000)
 ParOldGen       total 55808K, used 7699K [0x0000000082600000, 0x0000000085c80000, 0x00000000d6200000)
  object space 55808K, 13% used [0x0000000082600000,0x0000000082d84f08,0x0000000085c80000)
 Metaspace       used 26074K, capacity 26830K, committed 27136K, reserved 1073152K
  class space    used 3308K, capacity 3479K, committed 3584K, reserved 1048576K
Event: 1.953 GC heap after
Heap after GC invocations=7 (full 1):
 PSYoungGen      total 114176K, used 7165K [0x00000000d6200000, 0x00000000df100000, 0x0000000100000000)
  eden space 107008K, 0% used [0x00000000d6200000,0x00000000d6200000,0x00000000dca80000)
  from space 7168K, 99% used [0x00000000dea00000,0x00000000df0ff610,0x00000000df100000)
  to   space 8704K, 0% used [0x00000000de000000,0x00000000de000000,0x00000000de880000)
 ParOldGen       total 55808K, used 7707K [0x0000000082600000, 0x0000000085c80000, 0x00000000d6200000)
  object space 55808K, 13% used [0x0000000082600000,0x0000000082d86f08,0x0000000085c80000)
 Metaspace       used 26074K, capacity 26830K, committed 27136K, reserved 1073152K
  class space    used 3308K, capacity 3479K, committed 3584K, reserved 1048576K
}
Event: 2.745 GC heap before
{Heap before GC invocations=8 (full 1):
 PSYoungGen      total 114176K, used 114173K [0x00000000d6200000, 0x00000000df100000, 0x0000000100000000)
  eden space 107008K, 100% used [0x00000000d6200000,0x00000000dca80000,0x00000000dca80000)
  from space 7168K, 99% used [0x00000000dea00000,0x00000000df0ff610,0x00000000df100000)
  to   space 8704K, 0% used [0x00000000de000000,0x00000000de000000,0x00000000de880000)
 ParOldGen       total 55808K, used 7707K [0x0000000082600000, 0x0000000085c80000, 0x00000000d6200000)
  object space 55808K, 13% used [0x0000000082600000,0x0000000082d86f08,0x0000000085c80000)
 Metaspace       used 31701K, capacity 32736K, committed 33024K, reserved 1077248K
  class space    used 4043K, capacity 4274K, committed 4352K, reserved 1048576K
Event: 2.752 GC heap after
Heap after GC invocations=8 (full 1):
 PSYoungGen      total 137728K, used 8703K [0x00000000d6200000, 0x00000000e1c00000, 0x0000000100000000)
  eden space 129024K, 0% used [0x00000000d6200000,0x00000000d6200000,0x00000000de000000)
  from space 8704K, 99% used [0x00000000de000000,0x00000000de87ffc8,0x00000000de880000)
  to   space 10240K, 0% used [0x00000000e1200000,0x00000000e1200000,0x00000000e1c00000)
 ParOldGen       total 55808K, used 8876K [0x0000000082600000, 0x0000000085c80000, 0x00000000d6200000)
  object space 55808K, 15% used [0x0000000082600000,0x0000000082eab228,0x0000000085c80000)
 Metaspace       used 31701K, capacity 32736K, committed 33024K, reserved 1077248K
  class space    used 4043K, capacity 4274K, committed 4352K, reserved 1048576K
}
Event: 3.080 GC heap before
{Heap before GC invocations=9 (full 1):
 PSYoungGen      total 137728K, used 53863K [0x00000000d6200000, 0x00000000e1c00000, 0x0000000100000000)
  eden space 129024K, 35% used [0x00000000d6200000,0x00000000d8e19de8,0x00000000de000000)
  from space 8704K, 99% used [0x00000000de000000,0x00000000de87ffc8,0x00000000de880000)
  to   space 10240K, 0% used [0x00000000e1200000,0x00000000e1200000,0x00000000e1c00000)
 ParOldGen       total 55808K, used 8876K [0x0000000082600000, 0x0000000085c80000, 0x00000000d6200000)
  object space 55808K, 15% used [0x0000000082600000,0x0000000082eab228,0x0000000085c80000)
 Metaspace       used 34295K, capacity 35310K, committed 35416K, reserved 1081344K
  class space    used 4354K, capacity 4583K, committed 4608K, reserved 1048576K
Event: 3.086 GC heap after
Heap after GC invocations=9 (full 1):
 PSYoungGen      total 179712K, used 8974K [0x00000000d6200000, 0x00000000e3e00000, 0x0000000100000000)
  eden space 169472K, 0% used [0x00000000d6200000,0x00000000d6200000,0x00000000e0780000)
  from space 10240K, 87% used [0x00000000e1200000,0x00000000e1ac39d0,0x00000000e1c00000)
  to   space 10752K, 0% used [0x00000000e0780000,0x00000000e0780000,0x00000000e1200000)
 ParOldGen       total 55808K, used 8884K [0x0000000082600000, 0x0000000085c80000, 0x00000000d6200000)
  object space 55808K, 15% used [0x0000000082600000,0x0000000082ead228,0x0000000085c80000)
 Metaspace       used 34295K, capacity 35310K, committed 35416K, reserved 1081344K
  class space    used 4354K, capacity 4583K, committed 4608K, reserved 1048576K
}
Event: 3.086 GC heap before
{Heap before GC invocations=10 (full 2):
 PSYoungGen      total 179712K, used 8974K [0x00000000d6200000, 0x00000000e3e00000, 0x0000000100000000)
  eden space 169472K, 0% used [0x00000000d6200000,0x00000000d6200000,0x00000000e0780000)
  from space 10240K, 87% used [0x00000000e1200000,0x00000000e1ac39d0,0x00000000e1c00000)
  to   space 10752K, 0% used [0x00000000e0780000,0x00000000e0780000,0x00000000e1200000)
 ParOldGen       total 55808K, used 8884K [0x0000000082600000, 0x0000000085c80000, 0x00000000d6200000)
  object space 55808K, 15% used [0x0000000082600000,0x0000000082ead228,0x0000000085c80000)
 Metaspace       used 34295K, capacity 35310K, committed 35416K, reserved 1081344K
  class space    used 4354K, capacity 4583K, committed 4608K, reserved 1048576K
Event: 3.132 GC heap after
Heap after GC invocations=10 (full 2):
 PSYoungGen      total 179712K, used 0K [0x00000000d6200000, 0x00000000e3e00000, 0x0000000100000000)
  eden space 169472K, 0% used [0x00000000d6200000,0x00000000d6200000,0x00000000e0780000)
  from space 10240K, 0% used [0x00000000e1200000,0x00000000e1200000,0x00000000e1c00000)
  to   space 10752K, 0% used [0x00000000e0780000,0x00000000e0780000,0x00000000e1200000)
 ParOldGen       total 86016K, used 13907K [0x0000000082600000, 0x0000000087a00000, 0x00000000d6200000)
  object space 86016K, 16% used [0x0000000082600000,0x0000000083394ef8,0x0000000087a00000)
 Metaspace       used 34295K, capacity 35310K, committed 35416K, reserved 1081344K
  class space    used 4354K, capacity 4583K, committed 4608K, reserved 1048576K
}

